info it worked if it ends with ok
verbose cli [ 'node', '/usr/bin/npm', 'install', '-g', 'grunt-cli' ]
info using npm@1.0.17
info using node@v0.4.11
verbose config file /Users/John/.npmrc
verbose config file /usr/etc/npmrc
silly exec /usr/bin/node "/usr/lib/node_modules/npm/bin/npm-get-uid-gid.js" "nobody" 20
silly output from getuid/gid {"uid":-2,"gid":20}
silly output from getuid/gid 
verbose into /usr/lib [ 'grunt-cli' ]
verbose cache add [ 'grunt-cli', null ]
info addNamed [ 'grunt-cli', '' ]
verbose addNamed [ null, '' ]
verbose GET grunt-cli
verbose raw, before any munging grunt-cli
verbose url resolving [ 'http://registry.npmjs.org/', './grunt-cli' ]
verbose url resolved http://registry.npmjs.org/grunt-cli
verbose url parsed { protocol: 'http:',
verbose url parsed   slashes: true,
verbose url parsed   host: 'registry.npmjs.org',
verbose url parsed   hostname: 'registry.npmjs.org',
verbose url parsed   href: 'http://registry.npmjs.org/grunt-cli',
verbose url parsed   pathname: '/grunt-cli' }
verbose etag "2RC6K7OUH2D9SNXOLQT5GGD9N"
verbose response http://registry.npmjs.org/grunt-cli
silly get cb [ 304,
silly get cb   { date: 'Mon, 06 Jan 2014 20:57:00 GMT',
silly get cb     via: '1.1 varnish',
silly get cb     'last-modified': 'Mon, 06 Jan 2014 20:57:01 GMT',
silly get cb     etag: '"2RC6K7OUH2D9SNXOLQT5GGD9N"',
silly get cb     connection: 'close',
silly get cb     'x-served-by': 'cache-lcy1124-LCY',
silly get cb     'x-cache': 'MISS',
silly get cb     'x-cache-hits': '0',
silly get cb     'x-timer': 'S1389041820.990750074,VS0,VE122',
silly get cb     vary: 'Accept' } ]
verbose etag grunt-cli from cache
verbose GET grunt-cli/0.1.11
verbose raw, before any munging grunt-cli/0.1.11
verbose url resolving [ 'http://registry.npmjs.org/', './grunt-cli/0.1.11' ]
verbose url resolved http://registry.npmjs.org/grunt-cli/0.1.11
verbose url parsed { protocol: 'http:',
verbose url parsed   slashes: true,
verbose url parsed   host: 'registry.npmjs.org',
verbose url parsed   hostname: 'registry.npmjs.org',
verbose url parsed   href: 'http://registry.npmjs.org/grunt-cli/0.1.11',
verbose url parsed   pathname: '/grunt-cli/0.1.11' }
verbose etag "2RC6K7OUH2D9SNXOLQT5GGD9N"
verbose response http://registry.npmjs.org/grunt-cli/0.1.11
silly get cb [ 304,
silly get cb   { date: 'Mon, 06 Jan 2014 20:57:01 GMT',
silly get cb     via: '1.1 varnish',
silly get cb     'last-modified': 'Mon, 06 Jan 2014 20:57:01 GMT',
silly get cb     etag: '"2RC6K7OUH2D9SNXOLQT5GGD9N"',
silly get cb     connection: 'close',
silly get cb     'x-served-by': 'cache-lcy1133-LCY',
silly get cb     'x-cache': 'MISS',
silly get cb     'x-cache-hits': '0',
silly get cb     'x-timer': 'S1389041821.195786476,VS0,VE119',
silly get cb     vary: 'Accept' } ]
verbose etag grunt-cli/0.1.11 from cache
verbose bin dist [ '0.4-ares1.7.4-ev4.4-openssl0.9.8r-v83.1.8.26-darwin-13.0.0',
verbose bin dist   { shasum: 'a0d785b7f8633983ecb5e6af8397feb6e39dd0a8',
verbose bin dist     tarball: 'http://registry.npmjs.org/grunt-cli/-/grunt-cli-0.1.11.tgz' } ]
silly testEngine { name: 'grunt-cli',
silly testEngine   description: 'The grunt command line interface.',
silly testEngine   version: '0.1.11',
silly testEngine   author: { name: 'Grunt Team' },
silly testEngine   homepage: 'http://gruntjs.com/',
silly testEngine   repository: 
silly testEngine    { type: 'git',
silly testEngine      url: 'git://github.com/gruntjs/grunt-cli.git' },
silly testEngine   bugs: { url: 'http://github.com/gruntjs/grunt-cli/issues' },
silly testEngine   licenses: 
silly testEngine    [ { type: 'MIT',
silly testEngine        url: 'http://github.com/gruntjs/grunt-cli/blob/master/LICENSE-MIT' } ],
silly testEngine   bin: { grunt: 'bin/grunt' },
silly testEngine   engines: { node: '>= 0.8.0' },
silly testEngine   scripts: { test: 'node bin/grunt test' },
silly testEngine   preferGlobal: true,
silly testEngine   dependencies: 
silly testEngine    { nopt: '~1.0.10',
silly testEngine      'findup-sync': '~0.1.0',
silly testEngine      resolve: '~0.3.1' },
silly testEngine   devDependencies: { grunt: '~0.4.0', 'grunt-contrib-jshint': '~0.2.0' },
silly testEngine   _npmJsonOpts: 
silly testEngine    { file: '/Users/John/.npm/grunt-cli/0.1.11/package/package.json',
silly testEngine      wscript: false,
silly testEngine      serverjs: false,
silly testEngine      contributors: 
silly testEngine       [ 'Tyler Kellen (http://goingslowly.com)',
silly testEngine         'Ben Alman (http://gruntjs.com)',
silly testEngine         'Scott Gonz치lez (http://nemikor.com)',
silly testEngine         'Forbes Lindesay (https://github.com/)' ] },
silly testEngine   _id: 'grunt-cli@0.1.11',
silly testEngine   contributors: 
silly testEngine    [ { name: 'Tyler Kellen',
silly testEngine        url: 'http://goingslowly.com' },
silly testEngine      { name: 'Ben Alman', url: 'http://gruntjs.com' },
silly testEngine      { name: 'Scott Gonz치lez', url: 'http://nemikor.com' },
silly testEngine      { name: 'Forbes Lindesay',
silly testEngine        url: 'https://github.com/' } ],
silly testEngine   _engineSupported: false,
silly testEngine   _npmVersion: '1.0.17',
silly testEngine   _nodeVersion: 'v0.4.11',
silly testEngine   _defaultsLoaded: true }
verbose caching /Users/John/.npm/grunt-cli/0.1.11/package/package.json
verbose loadDefaults grunt-cli@0.1.11
silly resolved [ { name: 'grunt-cli',
silly resolved     description: 'The grunt command line interface.',
silly resolved     version: '0.1.11',
silly resolved     author: { name: 'Grunt Team' },
silly resolved     homepage: 'http://gruntjs.com/',
silly resolved     repository: 
silly resolved      { type: 'git',
silly resolved        url: 'git://github.com/gruntjs/grunt-cli.git' },
silly resolved     bugs: { url: 'http://github.com/gruntjs/grunt-cli/issues' },
silly resolved     licenses: 
silly resolved      [ { type: 'MIT',
silly resolved          url: 'http://github.com/gruntjs/grunt-cli/blob/master/LICENSE-MIT' } ],
silly resolved     bin: { grunt: 'bin/grunt' },
silly resolved     engines: { node: '>= 0.8.0' },
silly resolved     scripts: { test: 'node bin/grunt test' },
silly resolved     preferGlobal: true,
silly resolved     dependencies: 
silly resolved      { nopt: '~1.0.10',
silly resolved        'findup-sync': '~0.1.0',
silly resolved        resolve: '~0.3.1' },
silly resolved     devDependencies: { grunt: '~0.4.0', 'grunt-contrib-jshint': '~0.2.0' },
silly resolved     _npmJsonOpts: 
silly resolved      { file: '/Users/John/.npm/grunt-cli/0.1.11/package/package.json',
silly resolved        wscript: false,
silly resolved        serverjs: false,
silly resolved        contributors: 
silly resolved         [ 'Tyler Kellen (http://goingslowly.com)',
silly resolved           'Ben Alman (http://gruntjs.com)',
silly resolved           'Scott Gonz치lez (http://nemikor.com)',
silly resolved           'Forbes Lindesay (https://github.com/)' ] },
silly resolved     _id: 'grunt-cli@0.1.11',
silly resolved     contributors: 
silly resolved      [ { name: 'Tyler Kellen',
silly resolved          url: 'http://goingslowly.com' },
silly resolved        { name: 'Ben Alman', url: 'http://gruntjs.com' },
silly resolved        { name: 'Scott Gonz치lez', url: 'http://nemikor.com' },
silly resolved        { name: 'Forbes Lindesay',
silly resolved          url: 'https://github.com/' } ],
silly resolved     _engineSupported: false,
silly resolved     _npmVersion: '1.0.17',
silly resolved     _nodeVersion: 'v0.4.11',
silly resolved     _defaultsLoaded: true } ]
info into /usr/lib grunt-cli@0.1.11
info installOne grunt-cli@0.1.11
verbose installOne cb grunt-cli@0.1.11
ERR! Unsupported
ERR! Not compatible with your version of node/npm: grunt-cli@0.1.11
ERR! Required: {"node":">= 0.8.0"}
ERR! Actual:   {"npm":"1.0.17","node":"v0.4.11"}
ERR! 
ERR! System Darwin 13.0.0
ERR! command "node" "/usr/bin/npm" "install" "-g" "grunt-cli"
ERR! cwd /Users/John/Sites/2014.johndevlin.me
ERR! node -v v0.4.11
ERR! npm -v 1.0.17
verbose exit [ 1, true ]
